2025-12-24T01:42:21.000000000Z [inf]  Starting Container
2025-12-24T01:42:22.675530771Z [err]  INFO  [alembic.runtime.migration] Running upgrade c568f5f72228 -> a1b2c3d4e5f6, Add ListaMaeItem model for master list items
2025-12-24T01:42:22.675540957Z [err]  INFO  [alembic.runtime.migration] Running upgrade c568f5f72228 -> 7d59f933ff26, Adiciona status ao modelo Cotacao
2025-12-24T01:42:22.675550285Z [err]  INFO  [alembic.runtime.migration] Running upgrade 7d59f933ff26 -> 4688e2f3a1aa, Add descricao field to Lista model
2025-12-24T01:42:22.675557673Z [err]  INFO  [alembic.runtime.migration] Running upgrade 32e43cab3e28, a1b2c3d4e5f6 -> 74dbf5436c25, Merge migration heads
2025-12-24T01:42:22.675559496Z [err]  INFO  [alembic.runtime.migration] Running upgrade 4688e2f3a1aa -> 9f7c2d4b1e3f, Add pedido calculation fields and audit trail to Estoque model
2025-12-24T01:42:22.675567997Z [err]  INFO  [alembic.runtime.migration] Running upgrade 9f7c2d4b1e3f -> 8611c685f75b, add username field to Usuario model
2025-12-24T01:42:22.675576208Z [inf]  🔧 Iniciando correção do banco: /app/kaizen_prod.db
2025-12-24T01:42:22.675581181Z [err]  INFO  [alembic.runtime.migration] Running upgrade 8611c685f75b -> 32e43cab3e28, Add ativo field to Usuario model
2025-12-24T01:42:22.675587285Z [inf]     Ambiente: production
2025-12-24T01:42:22.675596057Z [inf]  ❌ ERRO: Banco não encontrado em /app/kaizen_prod.db
2025-12-24T01:42:22.675635853Z [inf]  ✅ Usando PostgreSQL em produção
2025-12-24T01:42:22.675642785Z [err]  INFO  [alembic.runtime.migration] Context impl PostgresqlImpl.
2025-12-24T01:42:22.675648906Z [err]  INFO  [alembic.runtime.migration] Will assume transactional DDL.
2025-12-24T01:42:22.675654736Z [err]  INFO  [alembic.runtime.migration] Running upgrade  -> 173f5518beb9, Initial database migration.
2025-12-24T01:42:22.675661020Z [err]  INFO  [alembic.runtime.migration] Running upgrade 173f5518beb9 -> c877254787d7, Add fornecedor_id to Item model
2025-12-24T01:42:22.675666728Z [err]  INFO  [alembic.runtime.migration] Running upgrade c877254787d7 -> c568f5f72228, Adiciona status ao modelo Pedido
2025-12-24T01:42:23.610541912Z [inf]  ✅ Usando PostgreSQL em produção
2025-12-24T01:42:23.870828566Z [err]  INFO  [alembic.runtime.migration] Context impl PostgresqlImpl.
2025-12-24T01:42:23.870835705Z [err]  INFO  [alembic.runtime.migration] Will assume transactional DDL.
2025-12-24T01:42:24.038966477Z [inf]  🔧 Iniciando correção do banco: /app/kaizen_prod.db
2025-12-24T01:42:24.038973744Z [inf]     Ambiente: production
2025-12-24T01:42:24.038980945Z [inf]  ❌ ERRO: Banco não encontrado em /app/kaizen_prod.db
2025-12-24T01:42:24.870653675Z [inf]  ✅ Usando PostgreSQL em produção
2025-12-24T01:42:25.658897443Z [err]  INFO  [alembic.runtime.migration] Context impl PostgresqlImpl.
2025-12-24T01:42:25.658903497Z [err]  INFO  [alembic.runtime.migration] Will assume transactional DDL.
2025-12-24T01:42:25.658909991Z [inf]  🔧 Iniciando correção do banco: /app/kaizen_prod.db
2025-12-24T01:42:25.658916644Z [inf]     Ambiente: production
2025-12-24T01:42:25.658923331Z [inf]  ❌ ERRO: Banco não encontrado em /app/kaizen_prod.db
2025-12-24T01:42:26.612491784Z [inf]  ✅ Usando PostgreSQL em produção
2025-12-24T01:42:26.886547494Z [err]  INFO  [alembic.runtime.migration] Context impl PostgresqlImpl.
2025-12-24T01:42:26.886554947Z [err]  INFO  [alembic.runtime.migration] Will assume transactional DDL.
2025-12-24T01:42:27.053383689Z [inf]  🔧 Iniciando correção do banco: /app/kaizen_prod.db
2025-12-24T01:42:27.053392284Z [inf]     Ambiente: production
2025-12-24T01:42:27.053398108Z [inf]  ❌ ERRO: Banco não encontrado em /app/kaizen_prod.db
2025-12-24T01:42:27.867049896Z [inf]  ✅ Usando PostgreSQL em produção
2025-12-24T01:42:28.347067398Z [err]  INFO  [alembic.runtime.migration] Context impl PostgresqlImpl.
2025-12-24T01:42:28.347081899Z [err]  INFO  [alembic.runtime.migration] Will assume transactional DDL.
2025-12-24T01:42:28.687186565Z [inf]  🔧 Iniciando correção do banco: /app/kaizen_prod.db
2025-12-24T01:42:28.687190903Z [inf]     Ambiente: production
2025-12-24T01:42:28.687194820Z [inf]  ❌ ERRO: Banco não encontrado em /app/kaizen_prod.db
2025-12-24T01:42:29.709993972Z [inf]  ✅ Usando PostgreSQL em produção
2025-12-24T01:42:30.076551843Z [err]  INFO  [alembic.runtime.migration] Context impl PostgresqlImpl.
2025-12-24T01:42:30.076558181Z [err]  INFO  [alembic.runtime.migration] Will assume transactional DDL.
2025-12-24T01:42:30.255580124Z [inf]  🔧 Iniciando correção do banco: /app/kaizen_prod.db
2025-12-24T01:42:30.255584620Z [inf]     Ambiente: production
2025-12-24T01:42:30.255589755Z [inf]  ❌ ERRO: Banco não encontrado em /app/kaizen_prod.db
2025-12-24T01:42:31.095465039Z [inf]  ✅ Usando PostgreSQL em produção
2025-12-24T01:42:31.702168627Z [err]  INFO  [alembic.runtime.migration] Context impl PostgresqlImpl.
2025-12-24T01:42:31.702178313Z [err]  INFO  [alembic.runtime.migration] Will assume transactional DDL.
2025-12-24T01:42:31.874315594Z [inf]  🔧 Iniciando correção do banco: /app/kaizen_prod.db
2025-12-24T01:42:31.874321478Z [inf]     Ambiente: production
2025-12-24T01:42:31.874326963Z [inf]  ❌ ERRO: Banco não encontrado em /app/kaizen_prod.db
2025-12-24T01:42:32.750738015Z [inf]  ✅ Usando PostgreSQL em produção
2025-12-24T01:42:33.220850463Z [err]  INFO  [alembic.runtime.migration] Context impl PostgresqlImpl.
2025-12-24T01:42:33.220858858Z [err]  INFO  [alembic.runtime.migration] Will assume transactional DDL.
2025-12-24T01:42:33.386618730Z [inf]  🔧 Iniciando correção do banco: /app/kaizen_prod.db
2025-12-24T01:42:33.386628348Z [inf]     Ambiente: production
2025-12-24T01:42:33.386634395Z [inf]  ❌ ERRO: Banco não encontrado em /app/kaizen_prod.db
2025-12-24T01:42:34.312430433Z [inf]  ✅ Usando PostgreSQL em produção
2025-12-24T01:42:34.803364840Z [err]  INFO  [alembic.runtime.migration] Context impl PostgresqlImpl.
2025-12-24T01:42:34.803369515Z [err]  INFO  [alembic.runtime.migration] Will assume transactional DDL.
2025-12-24T01:42:34.991245608Z [inf]  🔧 Iniciando correção do banco: /app/kaizen_prod.db
2025-12-24T01:42:34.991252182Z [inf]     Ambiente: production
2025-12-24T01:42:34.991256990Z [inf]  ❌ ERRO: Banco não encontrado em /app/kaizen_prod.db
2025-12-24T01:42:35.854968922Z [inf]  ✅ Usando PostgreSQL em produção
2025-12-24T01:42:36.326679041Z [err]  INFO  [alembic.runtime.migration] Context impl PostgresqlImpl.
2025-12-24T01:42:36.326686000Z [err]  INFO  [alembic.runtime.migration] Will assume transactional DDL.
2025-12-24T01:42:36.705083624Z [inf]  🔧 Iniciando correção do banco: /app/kaizen_prod.db
2025-12-24T01:42:36.705087996Z [inf]     Ambiente: production
2025-12-24T01:42:36.705092115Z [inf]  ❌ ERRO: Banco não encontrado em /app/kaizen_prod.db
2025-12-24T01:42:37.441187397Z [inf]  ✅ Usando PostgreSQL em produção
2025-12-24T01:42:37.920649921Z [err]  INFO  [alembic.runtime.migration] Context impl PostgresqlImpl.
2025-12-24T01:42:37.920655685Z [err]  INFO  [alembic.runtime.migration] Will assume transactional DDL.
2025-12-24T01:42:38.092326352Z [inf]  🔧 Iniciando correção do banco: /app/kaizen_prod.db
2025-12-24T01:42:38.092335365Z [inf]     Ambiente: production
2025-12-24T01:42:38.092341381Z [inf]  ❌ ERRO: Banco não encontrado em /app/kaizen_prod.db